2024.08.15 11:20:55 INFO  Started: Metals version 1.3.5 in folders 'C:\Users\hotmo\Documents\frist_sacala_project' for client Visual Studio Code 1.92.1.
2024.08.15 11:20:55 INFO  time: initialize in 0.46s
SLF4J(W): Class path contains multiple SLF4J providers.
SLF4J(W): Found provider [scribe.slf4j.ScribeServiceProvider@492cd95d]
SLF4J(W): Found provider [ch.qos.logback.classic.spi.LogbackServiceProvider@68f5a884]
SLF4J(W): See https://www.slf4j.org/codes.html#multiple_bindings for an explanation.
SLF4J(I): Actual provider is of type [scribe.slf4j.ScribeServiceProvider@492cd95d]
2024.08.15 11:20:58 WARN  Flyway upgrade recommended: H2 2.3.230 is newer than this version of Flyway and support has not been tested. The latest supported version of H2 is 2.2.220.
2024.08.15 11:21:03 INFO  no build target found for C:\Users\hotmo\Documents\frist_sacala_project\build.sbt. Using presentation compiler with project's scala-library version: 3.3.3
2024.08.15 11:21:03 INFO  no build target found for C:\Users\hotmo\Documents\frist_sacala_project\build.sbt. Using presentation compiler with project's scala-library version: 3.3.3
ago. 15, 2024 11:21:05 AM org.eclipse.lsp4j.jsonrpc.RemoteEndpoint handleCancellation
ADVERTÊNCIA: Unmatched cancel notification for request id 7
2024.08.15 11:21:05 INFO  no build target found for C:\Users\hotmo\Documents\frist_sacala_project\build.sbt. Using presentation compiler with project's scala-library version: 3.3.3
2024.08.15 11:21:05 INFO  no build target found for C:\Users\hotmo\Documents\frist_sacala_project\build.sbt. Using presentation compiler with project's scala-library version: 3.3.3
ago. 15, 2024 11:21:05 AM org.eclipse.lsp4j.jsonrpc.RemoteEndpoint handleCancellation
ADVERTÊNCIA: Unmatched cancel notification for request id 1
2024.08.15 11:21:05 INFO  no build target found for C:\Users\hotmo\Documents\frist_sacala_project\build.sbt. Using presentation compiler with project's scala-library version: 3.3.3
2024.08.15 11:21:08 WARN  Could not find semantic tokens for: file:///C:/Users/hotmo/Documents/frist_sacala_project/build.sbt
2024.08.15 11:21:11 INFO  running 'C:\Users\hotmo\AppData\Local\Coursier\cache\arc\https\github.com\adoptium\temurin17-binaries\releases\download\jdk-17%252B35\OpenJDK17-jdk_x64_windows_hotspot_17_35.zip\jdk-17+35\bin\java.exe -Djline.terminal=jline.UnsupportedTerminal -Dsbt.log.noformat=true -Dfile.encoding=UTF-8 -jar C:\Users\hotmo\AppData\Local\Temp\metals9874225249192161636\sbt-launch.jar -Dbloop.export-jar-classifiers=sources bloopInstall'
2024.08.15 11:21:12 ERROR [info] [launcher] getting org.scala-sbt sbt 1.10.1  (this may take some time)...
2024.08.15 11:21:18 INFO  no build target found for C:\Users\hotmo\Documents\frist_sacala_project\build.sbt. Using presentation compiler with project's scala-library version: 3.3.3
2024.08.15 11:21:18 INFO  no build target found for C:\Users\hotmo\Documents\frist_sacala_project\project\metals.sbt. Using presentation compiler with project's scala-library version: 3.3.3
2024.08.15 11:21:18 WARN  Could not find semantic tokens for: file:///C:/Users/hotmo/Documents/frist_sacala_project/project/metals.sbt
2024.08.15 11:21:29 ERROR [info] [launcher] getting Scala 2.12.19 (for sbt)...
2024.08.15 11:21:41 INFO  [info] welcome to sbt 1.10.1 (Eclipse Adoptium Java 17)
2024.08.15 11:21:46 INFO  [info] loading settings for project frist_sacala_project-build-build from metals.sbt ...
2024.08.15 11:21:48 INFO  [info] loading project definition from C:\Users\hotmo\Documents\frist_sacala_project\project\project
2024.08.15 11:21:54 INFO  no build target found for C:\Users\hotmo\Documents\frist_sacala_project\project\metals.sbt. Using presentation compiler with project's scala-library version: 3.3.3
2024.08.15 11:21:56 INFO  no build target found for C:\Users\hotmo\Documents\frist_sacala_project\src\main\scala\Main.scala. Using presentation compiler with project's scala-library version: 3.3.3
2024.08.15 11:21:59 INFO  [info] loading settings for project frist_sacala_project-build from metals.sbt ...
2024.08.15 11:21:59 INFO  [info] loading project definition from C:\Users\hotmo\Documents\frist_sacala_project\project
2024.08.15 11:22:17 INFO  [success] Generated .bloop\frist_sacala_project-build.json
2024.08.15 11:22:17 INFO  [success] Total time: 17 s, completed 15 de ago. de 2024 11:22:17
2024.08.15 11:22:22 INFO  [info] loading settings for project frist_sacala_project from build.sbt ...
2024.08.15 11:22:22 INFO  [info] set current project to hello-world (in build file:/C:/Users/hotmo/Documents/frist_sacala_project/)
2024.08.15 11:22:28 INFO  [success] Generated .bloop\frist_sacala_project.json
2024.08.15 11:22:28 INFO  [success] Generated .bloop\frist_sacala_project-test.json
2024.08.15 11:22:28 INFO  [success] Total time: 5 s, completed 15 de ago. de 2024 11:22:28
2024.08.15 11:22:28 INFO  time: ran 'sbt bloopInstall' in 1m17s
2024.08.15 11:22:28 INFO  Attempting to connect to the build server...
2024.08.15 11:22:28 INFO  Setting up current java home C:\Users\hotmo\AppData\Local\Coursier\cache\arc\https\github.com\adoptium\temurin17-binaries\releases\download\jdk-17%252B35\OpenJDK17-jdk_x64_windows_hotspot_17_35.zip\jdk-17+35 in C:\Users\hotmo\.bloop\bloop.json
2024.08.15 11:22:45 INFO  tracing is disabled for protocol BSP, to enable tracing of incoming and outgoing JSON messages create an empty file at C:\Users\hotmo\Documents\frist_sacala_project\.metals\bsp.trace.json or C:\Users\hotmo\AppData\Local\scalameta\metals\cache\bsp.trace.json
2024.08.15 11:22:49 INFO  Attempting to connect to the build server...
2024.08.15 11:22:49 INFO  tracing is disabled for protocol BSP, to enable tracing of incoming and outgoing JSON messages create an empty file at C:\Users\hotmo\Documents\frist_sacala_project\project\.metals\bsp.trace.json or C:\Users\hotmo\AppData\Local\scalameta\metals\cache\bsp.trace.json
2024.08.15 11:22:50 INFO  time: Connected to build server in 22s
2024.08.15 11:22:50 INFO  Connected to Build server: Bloop v1.6.0
2024.08.15 11:22:51 INFO  time: Imported build in 0.53s
2024.08.15 11:22:51 INFO  running doctor check
2024.08.15 11:22:51 INFO  java targets: frist_sacala_project-build, frist_sacala_project, frist_sacala_project-test
2024.08.15 11:23:05 WARN  Flyway upgrade recommended: H2 2.3.230 is newer than this version of Flyway and support has not been tested. The latest supported version of H2 is 2.2.220.
ago. 15, 2024 11:23:07 AM org.eclipse.lsp4j.jsonrpc.RemoteEndpoint handleCancellation
ADVERTÊNCIA: Unmatched cancel notification for request id 47
2024.08.15 11:23:53 INFO  time: indexed workspace in 1m2s
2024.08.15 11:23:55 INFO  compiling frist_sacala_project (1 scala source)
2024.08.15 11:24:04 INFO  time: compiled frist_sacala_project in 8.91s
2024.08.15 11:24:04 INFO  no build target found for C:\Users\hotmo\Documents\frist_sacala_project\project\metals.sbt. Using presentation compiler with project's scala-library version: 2.13.12
2024.08.15 11:24:08 INFO  time: code lens generation in 4.43s
2024.08.15 11:24:13 INFO  time: code lens generation in 9.11s
2024.08.15 11:24:13 INFO  time: code lens generation in 9.08s
2024.08.15 11:24:13 INFO  time: code lens generation in 9.09s
2024.08.15 11:24:13 INFO  time: code lens generation in 9.1s
2024.08.15 11:24:57 INFO  time: code lens generation in 3.44s
2024.08.15 11:30:50 INFO  Started: Metals version 1.3.5 in folders 'C:\Users\hotmo\Documents\frist_sacala_project' for client Visual Studio Code 1.92.1.
SLF4J(W): Class path contains multiple SLF4J providers.
SLF4J(W): Found provider [scribe.slf4j.ScribeServiceProvider@7fbd22ea]
SLF4J(W): Found provider [ch.qos.logback.classic.spi.LogbackServiceProvider@6bc4bc7c]
SLF4J(W): See https://www.slf4j.org/codes.html#multiple_bindings for an explanation.
SLF4J(I): Actual provider is of type [scribe.slf4j.ScribeServiceProvider@7fbd22ea]
2024.08.15 11:30:56 WARN  Flyway upgrade recommended: H2 2.3.230 is newer than this version of Flyway and support has not been tested. The latest supported version of H2 is 2.2.220.
2024.08.15 11:30:58 INFO  no build target found for C:\Users\hotmo\Documents\frist_sacala_project\src\main\scala\Main.scala. Using presentation compiler with project's scala-library version: 3.3.3
2024.08.15 11:30:58 INFO  Attempting to connect to the build server...
2024.08.15 11:31:18 INFO  tracing is disabled for protocol BSP, to enable tracing of incoming and outgoing JSON messages create an empty file at C:\Users\hotmo\Documents\frist_sacala_project\.metals\bsp.trace.json or C:\Users\hotmo\AppData\Local\scalameta\metals\cache\bsp.trace.json
2024.08.15 11:31:18 INFO  Attempting to connect to the build server...
2024.08.15 11:31:18 INFO  tracing is disabled for protocol BSP, to enable tracing of incoming and outgoing JSON messages create an empty file at C:\Users\hotmo\Documents\frist_sacala_project\project\.metals\bsp.trace.json or C:\Users\hotmo\AppData\Local\scalameta\metals\cache\bsp.trace.json
2024.08.15 11:31:18 INFO  time: Connected to build server in 20s
2024.08.15 11:31:18 INFO  Connected to Build server: Bloop v1.6.0
2024.08.15 11:31:19 INFO  time: Imported build in 0.42s
2024.08.15 11:31:19 INFO  running doctor check
2024.08.15 11:31:19 INFO  java targets: frist_sacala_project-build, frist_sacala_project, frist_sacala_project-test
2024.08.15 11:31:33 WARN  Flyway upgrade recommended: H2 2.3.230 is newer than this version of Flyway and support has not been tested. The latest supported version of H2 is 2.2.220.
2024.08.15 11:32:13 INFO  time: indexed workspace in 53s
2024.08.15 11:32:15 INFO  compiling frist_sacala_project (1 scala source)
2024.08.15 11:32:23 INFO  time: compiled frist_sacala_project in 8s
2024.08.15 11:35:26 INFO  Shutting down server
2024.08.15 11:35:26 INFO  shutting down Metals
2024.08.15 11:35:27 INFO  Shut down connection with build server.
2024.08.15 11:35:27 INFO  Shut down connection with build server.
2024.08.15 11:35:26 INFO  Exiting server
2024.08.15 11:36:06 INFO  Started: Metals version 1.3.5 in folders 'C:\Users\hotmo\Documents\frist_sacala_project' for client Visual Studio Code 1.92.1.
SLF4J(W): Class path contains multiple SLF4J providers.
SLF4J(W): Found provider [scribe.slf4j.ScribeServiceProvider@1abcb23a]
SLF4J(W): Found provider [ch.qos.logback.classic.spi.LogbackServiceProvider@675c7d11]
SLF4J(W): See https://www.slf4j.org/codes.html#multiple_bindings for an explanation.
SLF4J(I): Actual provider is of type [scribe.slf4j.ScribeServiceProvider@1abcb23a]
2024.08.15 11:36:07 WARN  Flyway upgrade recommended: H2 2.3.230 is newer than this version of Flyway and support has not been tested. The latest supported version of H2 is 2.2.220.
2024.08.15 11:36:09 INFO  no build target found for C:\Users\hotmo\Documents\frist_sacala_project\src\main\scala\Main.scala. Using presentation compiler with project's scala-library version: 3.3.3
2024.08.15 11:36:09 INFO  Attempting to connect to the build server...
2024.08.15 11:36:09 INFO  tracing is disabled for protocol BSP, to enable tracing of incoming and outgoing JSON messages create an empty file at C:\Users\hotmo\Documents\frist_sacala_project\.metals\bsp.trace.json or C:\Users\hotmo\AppData\Local\scalameta\metals\cache\bsp.trace.json
2024.08.15 11:36:10 INFO  Attempting to connect to the build server...
2024.08.15 11:36:10 INFO  tracing is disabled for protocol BSP, to enable tracing of incoming and outgoing JSON messages create an empty file at C:\Users\hotmo\Documents\frist_sacala_project\project\.metals\bsp.trace.json or C:\Users\hotmo\AppData\Local\scalameta\metals\cache\bsp.trace.json
2024.08.15 11:36:10 INFO  time: Connected to build server in 1.26s
2024.08.15 11:36:10 INFO  Connected to Build server: Bloop v1.6.0
2024.08.15 11:36:11 INFO  time: Imported build in 0.58s
2024.08.15 11:36:14 INFO  running doctor check
2024.08.15 11:36:14 INFO  java targets: frist_sacala_project-build, frist_sacala_project, frist_sacala_project-test
2024.08.15 11:36:22 WARN  Flyway upgrade recommended: H2 2.3.230 is newer than this version of Flyway and support has not been tested. The latest supported version of H2 is 2.2.220.
2024.08.15 11:36:25 INFO  time: indexed workspace in 11s
2024.08.15 11:37:51 INFO  compiling frist_sacala_project (1 scala source)
2024.08.15 11:37:53 INFO  time: compiled frist_sacala_project in 2.08s
2024.08.15 11:38:05 INFO  compiling frist_sacala_project (1 scala source)
2024.08.15 11:38:07 INFO  time: compiled frist_sacala_project in 1.56s
ago. 15, 2024 11:42:31 AM org.eclipse.lsp4j.jsonrpc.RemoteEndpoint handleCancellation
ADVERTÊNCIA: Unmatched cancel notification for request id 209
ago. 15, 2024 11:42:31 AM org.eclipse.lsp4j.jsonrpc.RemoteEndpoint handleCancellation
ADVERTÊNCIA: Unmatched cancel notification for request id 215
ago. 15, 2024 11:42:34 AM org.eclipse.lsp4j.jsonrpc.RemoteEndpoint handleCancellation
ADVERTÊNCIA: Unmatched cancel notification for request id 230
ago. 15, 2024 11:42:34 AM org.eclipse.lsp4j.jsonrpc.RemoteEndpoint handleCancellation
ADVERTÊNCIA: Unmatched cancel notification for request id 233
2024.08.15 11:42:43 INFO  compiling frist_sacala_project (1 scala source)
2024.08.15 11:42:46 INFO  time: compiled frist_sacala_project in 2.75s
ago. 15, 2024 11:43:30 AM org.eclipse.lsp4j.jsonrpc.RemoteEndpoint handleCancellation
ADVERTÊNCIA: Unmatched cancel notification for request id 292
2024.08.15 11:44:41 INFO  compiling frist_sacala_project (1 scala source)
2024.08.15 11:44:41 INFO  time: compiled frist_sacala_project in 0.95s
ago. 15, 2024 11:47:04 AM org.eclipse.lsp4j.jsonrpc.RemoteEndpoint handleCancellation
ADVERTÊNCIA: Unmatched cancel notification for request id 501
ago. 15, 2024 11:51:02 AM org.eclipse.lsp4j.jsonrpc.RemoteEndpoint handleCancellation
ADVERTÊNCIA: Unmatched cancel notification for request id 707
2024.08.15 11:51:30 INFO  compiling frist_sacala_project (2 scala sources)
2024.08.15 11:51:31 INFO  time: compiled frist_sacala_project in 1.03s
2024.08.15 11:51:40 INFO  compiling frist_sacala_project (2 scala sources)
2024.08.15 11:51:42 INFO  time: compiled frist_sacala_project in 2.11s
ago. 15, 2024 11:53:06 AM org.eclipse.lsp4j.jsonrpc.RemoteEndpoint handleCancellation
ADVERTÊNCIA: Unmatched cancel notification for request id 916
2024.08.15 11:54:08 INFO  compiling frist_sacala_project (1 scala source)
2024.08.15 11:54:09 INFO  time: compiled frist_sacala_project in 1.66s
ago. 15, 2024 12:00:49 PM org.eclipse.lsp4j.jsonrpc.RemoteEndpoint handleCancellation
ADVERTÊNCIA: Unmatched cancel notification for request id 976
2024.08.15 12:00:49 INFO  compiling frist_sacala_project (3 scala sources)
2024.08.15 12:00:49 INFO  time: compiled frist_sacala_project in 0.75s
2024.08.15 12:00:49 INFO  compiling frist_sacala_project (3 scala sources)
2024.08.15 12:00:51 INFO  time: compiled frist_sacala_project in 0.69s
something's wrong: no file:///C:/Users/hotmo/Documents/frist_sacala_project/src/main/scala/Desenvolvedor.scala in Array[<error>]RangePosition(file:///C:/Users/hotmo/Documents/frist_sacala_project/src/main/scala/Desenvolvedor.scala, 27, 27, 42)
something's wrong: no file:///C:/Users/hotmo/Documents/frist_sacala_project/src/main/scala/Desenvolvedor.scala in Array[<error>]RangePosition(file:///C:/Users/hotmo/Documents/frist_sacala_project/src/main/scala/Desenvolvedor.scala, 59, 59, 74)
something's wrong: no file:///C:/Users/hotmo/Documents/frist_sacala_project/src/main/scala/Desenvolvedor.scala in Array[<error>]RangePosition(file:///C:/Users/hotmo/Documents/frist_sacala_project/src/main/scala/Desenvolvedor.scala, 59, 59, 67)
something's wrong: no file:///C:/Users/hotmo/Documents/frist_sacala_project/src/main/scala/Desenvolvedor.scala in Array[<error>]RangePosition(file:///C:/Users/hotmo/Documents/frist_sacala_project/src/main/scala/Desenvolvedor.scala, 59, 59, 68)
something's wrong: no file:///C:/Users/hotmo/Documents/frist_sacala_project/src/main/scala/Desenvolvedor.scala in Array[<error>]RangePosition(file:///C:/Users/hotmo/Documents/frist_sacala_project/src/main/scala/Desenvolvedor.scala, 59, 59, 69)
something's wrong: no file:///C:/Users/hotmo/Documents/frist_sacala_project/src/main/scala/Desenvolvedor.scala in Array[String]RangePosition(file:///C:/Users/hotmo/Documents/frist_sacala_project/src/main/scala/Desenvolvedor.scala, 59, 59, 72)
2024.08.15 12:02:42 INFO  compiling frist_sacala_project (3 scala sources)
2024.08.15 12:02:42 INFO  time: compiled frist_sacala_project in 0.23s
2024.08.15 12:03:11 INFO  compiling frist_sacala_project (3 scala sources)
2024.08.15 12:03:11 INFO  time: compiled frist_sacala_project in 0.28s
ago. 15, 2024 12:03:38 PM org.eclipse.lsp4j.jsonrpc.RemoteEndpoint handleCancellation
ADVERTÊNCIA: Unmatched cancel notification for request id 1520
ago. 15, 2024 12:03:38 PM org.eclipse.lsp4j.jsonrpc.RemoteEndpoint handleCancellation
ADVERTÊNCIA: Unmatched cancel notification for request id 1523
ago. 15, 2024 12:04:11 PM org.eclipse.lsp4j.jsonrpc.RemoteEndpoint handleCancellation
ADVERTÊNCIA: Unmatched cancel notification for request id 1550
ago. 15, 2024 12:06:25 PM org.eclipse.lsp4j.jsonrpc.RemoteEndpoint handleCancellation
ADVERTÊNCIA: Unmatched cancel notification for request id 1727
ago. 15, 2024 12:09:56 PM org.eclipse.lsp4j.jsonrpc.RemoteEndpoint handleCancellation
ADVERTÊNCIA: Unmatched cancel notification for request id 1926
2024.08.15 12:10:28 INFO  compiling frist_sacala_project (1 scala source)
2024.08.15 12:10:28 INFO  time: compiled frist_sacala_project in 0.46s
ago. 15, 2024 12:10:29 PM scala.meta.internal.pc.CompilerAccess retryWithCleanCompiler
INFORMAÇÕES: compiler crashed due to an error in the Scala compiler, retrying with new compiler instance.
2024.08.15 12:10:29 INFO  compiling frist_sacala_project (1 scala source)
2024.08.15 12:10:31 INFO  time: compiled frist_sacala_project in 1.73s
ago. 15, 2024 12:10:37 PM org.eclipse.lsp4j.jsonrpc.RemoteEndpoint handleCancellation
ADVERTÊNCIA: Unmatched cancel notification for request id 1991
2024.08.15 12:10:51 INFO  compiling frist_sacala_project (1 scala source)
2024.08.15 12:10:51 INFO  time: compiled frist_sacala_project in 0.12s
ago. 15, 2024 12:12:07 PM org.eclipse.lsp4j.jsonrpc.RemoteEndpoint handleCancellation
ADVERTÊNCIA: Unmatched cancel notification for request id 2146
ago. 15, 2024 12:13:05 PM org.eclipse.lsp4j.jsonrpc.RemoteEndpoint handleCancellation
ADVERTÊNCIA: Unmatched cancel notification for request id 2314
2024.08.15 12:16:02 INFO  compiling frist_sacala_project (1 scala source)
2024.08.15 12:16:05 INFO  time: compiled frist_sacala_project in 2.99s
ago. 15, 2024 12:18:00 PM org.eclipse.lsp4j.jsonrpc.RemoteEndpoint handleCancellation
ADVERTÊNCIA: Unmatched cancel notification for request id 2905
ago. 15, 2024 12:18:02 PM org.eclipse.lsp4j.jsonrpc.RemoteEndpoint handleCancellation
ADVERTÊNCIA: Unmatched cancel notification for request id 2913
ago. 15, 2024 12:18:05 PM org.eclipse.lsp4j.jsonrpc.RemoteEndpoint handleCancellation
ADVERTÊNCIA: Unmatched cancel notification for request id 2922
2024.08.15 12:18:19 INFO  compiling frist_sacala_project (1 scala source)
2024.08.15 12:18:21 INFO  time: compiled frist_sacala_project in 1.74s
ago. 15, 2024 12:21:04 PM org.eclipse.lsp4j.jsonrpc.RemoteEndpoint handleCancellation
ADVERTÊNCIA: Unmatched cancel notification for request id 2984
ago. 15, 2024 12:21:05 PM org.eclipse.lsp4j.jsonrpc.RemoteEndpoint handleCancellation
ADVERTÊNCIA: Unmatched cancel notification for request id 3000
ago. 15, 2024 12:21:07 PM org.eclipse.lsp4j.jsonrpc.RemoteEndpoint handleCancellation
ADVERTÊNCIA: Unmatched cancel notification for request id 3016
ago. 15, 2024 12:21:08 PM org.eclipse.lsp4j.jsonrpc.RemoteEndpoint handleCancellation
ADVERTÊNCIA: Unmatched cancel notification for request id 3032
ago. 15, 2024 12:22:08 PM org.eclipse.lsp4j.jsonrpc.RemoteEndpoint handleCancellation
ADVERTÊNCIA: Unmatched cancel notification for request id 3073
ago. 15, 2024 12:22:11 PM org.eclipse.lsp4j.jsonrpc.RemoteEndpoint handleCancellation
ADVERTÊNCIA: Unmatched cancel notification for request id 3089
ago. 15, 2024 12:22:11 PM org.eclipse.lsp4j.jsonrpc.RemoteEndpoint handleCancellation
ADVERTÊNCIA: Unmatched cancel notification for request id 3098
ago. 15, 2024 12:22:13 PM org.eclipse.lsp4j.jsonrpc.RemoteEndpoint handleCancellation
ADVERTÊNCIA: Unmatched cancel notification for request id 3114
ago. 15, 2024 12:23:21 PM org.eclipse.lsp4j.jsonrpc.RemoteEndpoint handleCancellation
ADVERTÊNCIA: Unmatched cancel notification for request id 3147
2024.08.15 12:25:23 INFO  compiling frist_sacala_project (1 scala source)
2024.08.15 12:25:26 INFO  time: compiled frist_sacala_project in 2.93s
ago. 15, 2024 12:25:32 PM org.eclipse.lsp4j.jsonrpc.RemoteEndpoint handleCancellation
ADVERTÊNCIA: Unmatched cancel notification for request id 3280
ago. 15, 2024 12:25:32 PM org.eclipse.lsp4j.jsonrpc.RemoteEndpoint handleCancellation
ADVERTÊNCIA: Unmatched cancel notification for request id 3278
ago. 15, 2024 12:25:32 PM org.eclipse.lsp4j.jsonrpc.RemoteEndpoint handleCancellation
ADVERTÊNCIA: Unmatched cancel notification for request id 3283
ago. 15, 2024 12:25:32 PM org.eclipse.lsp4j.jsonrpc.RemoteEndpoint handleCancellation
ADVERTÊNCIA: Unmatched cancel notification for request id 3279
ago. 15, 2024 12:25:32 PM org.eclipse.lsp4j.jsonrpc.RemoteEndpoint handleCancellation
ADVERTÊNCIA: Unmatched cancel notification for request id 3282
ago. 15, 2024 12:26:24 PM org.eclipse.lsp4j.jsonrpc.RemoteEndpoint handleCancellation
ADVERTÊNCIA: Unmatched cancel notification for request id 3359
ago. 15, 2024 12:26:26 PM org.eclipse.lsp4j.jsonrpc.RemoteEndpoint handleCancellation
ADVERTÊNCIA: Unmatched cancel notification for request id 3375
ago. 15, 2024 12:26:46 PM org.eclipse.lsp4j.jsonrpc.RemoteEndpoint handleCancellation
ADVERTÊNCIA: Unmatched cancel notification for request id 3393
2024.08.15 12:26:57 INFO  compiling frist_sacala_project (1 scala source)
2024.08.15 12:26:58 INFO  time: compiled frist_sacala_project in 1.05s
ago. 15, 2024 12:27:02 PM org.eclipse.lsp4j.jsonrpc.RemoteEndpoint handleCancellation
ADVERTÊNCIA: Unmatched cancel notification for request id 3453
2024.08.15 12:27:10 INFO  compiling frist_sacala_project (1 scala source)
2024.08.15 12:27:11 INFO  time: compiled frist_sacala_project in 1.32s
2024.08.15 12:27:11 INFO  compiling frist_sacala_project (1 scala source)
2024.08.15 12:27:11 INFO  time: compiled frist_sacala_project in 0.59s
2024.08.15 12:27:53 INFO  compiling frist_sacala_project (1 scala source)
2024.08.15 12:27:54 INFO  time: compiled frist_sacala_project in 1.21s
ago. 15, 2024 12:27:57 PM org.eclipse.lsp4j.jsonrpc.RemoteEndpoint handleCancellation
ADVERTÊNCIA: Unmatched cancel notification for request id 3616
ago. 15, 2024 12:28:19 PM org.eclipse.lsp4j.jsonrpc.RemoteEndpoint handleCancellation
ADVERTÊNCIA: Unmatched cancel notification for request id 3641
ago. 15, 2024 12:28:27 PM org.eclipse.lsp4j.jsonrpc.RemoteEndpoint handleCancellation
ADVERTÊNCIA: Unmatched cancel notification for request id 3670
2024.08.15 12:29:00 INFO  compiling frist_sacala_project (1 scala source)
2024.08.15 12:29:02 INFO  time: compiled frist_sacala_project in 1.45s
ago. 15, 2024 12:31:48 PM org.eclipse.lsp4j.jsonrpc.RemoteEndpoint handleCancellation
ADVERTÊNCIA: Unmatched cancel notification for request id 3859
ago. 15, 2024 12:35:30 PM org.eclipse.lsp4j.jsonrpc.RemoteEndpoint handleCancellation
ADVERTÊNCIA: Unmatched cancel notification for request id 3877
ago. 15, 2024 12:39:13 PM org.eclipse.lsp4j.jsonrpc.RemoteEndpoint handleCancellation
ADVERTÊNCIA: Unmatched cancel notification for request id 3900
